<?xml version="1.0" encoding="UTF-8"?>
<!-- Generated by org.testng.reporters.JUnitReportReporter -->
<testsuite hostname="ip-172-31-18-244" failures="0" tests="2" name="Uitest.LoginTest" time="16.849" errors="0" timestamp="16 Feb 2024 17:23:27 GMT" skipped="0">
  <testcase classname="Uitest.LoginTest" name="LoginFailiureTest" time="7.988"/>
  <testcase classname="Uitest.LoginTest" name="LoginSuccessTest" time="8.861"/>
</testsuite> <!-- Uitest.LoginTest -->
