<?xml version="1.0" encoding="UTF-8"?>
<!-- Generated by org.testng.reporters.JUnitReportReporter -->
<testsuite hostname="ip-172-31-18-244" failures="0" tests="1" name="Uitest.AddToCartTest" time="12.645" errors="0" timestamp="23 Apr 2024 23:35:48 GMT" skipped="0">
  <testcase classname="Uitest.AddToCartTest" name="productOneTest" time="12.645"/>
</testsuite> <!-- Uitest.AddToCartTest -->
