<?xml version="1.0" encoding="UTF-8"?>
<!-- Generated by org.testng.reporters.JUnitReportReporter -->
<testsuite hostname="ip-172-31-18-244" failures="0" tests="2" name="Uitest.LoginTest" time="18.124" errors="0" timestamp="16 Feb 2024 14:43:23 GMT" skipped="0">
  <testcase classname="Uitest.LoginTest" name="LoginFailiureTest" time="8.815"/>
  <testcase classname="Uitest.LoginTest" name="LoginSuccessTest" time="9.309"/>
</testsuite> <!-- Uitest.LoginTest -->
